[ 2025-09-12 15:55:24,677 ] 1025 httpx - INFO - HTTP Request: GET https://dagshub.com/api/v1/user "HTTP/1.1 200 OK"
[ 2025-09-12 15:55:24,709 ] 107 dagshub - INFO - Accessing as mrnipunkakkar
[ 2025-09-12 15:55:25,875 ] 1025 httpx - INFO - HTTP Request: GET https://dagshub.com/api/v1/repos/mrnipunkakkar/networksecurity "HTTP/1.1 200 OK"
[ 2025-09-12 15:55:26,797 ] 1025 httpx - INFO - HTTP Request: GET https://dagshub.com/api/v1/user "HTTP/1.1 200 OK"
[ 2025-09-12 15:55:26,801 ] 107 dagshub - INFO - Initialized MLflow to track repo "mrnipunkakkar/networksecurity"
[ 2025-09-12 15:55:26,801 ] 107 dagshub - INFO - Repository mrnipunkakkar/networksecurity initialized!
[ 2025-09-12 16:08:07,837 ] 42 root - INFO - Start data Ingestion
[ 2025-09-12 16:08:16,552 ] 65 root - INFO - Performed train test split on the dataframe
[ 2025-09-12 16:08:16,552 ] 67 root - INFO - Exited split_data_as_train_test method of Data_Ingestion class
[ 2025-09-12 16:08:16,554 ] 75 root - INFO - Exporting train and test file path.
[ 2025-09-12 16:08:16,630 ] 84 root - INFO - Exported train and test file path.
[ 2025-09-12 16:08:16,630 ] 45 root - INFO - Data Ingestion completed and artifact: DataIngestionArtifact(trained_file_path='Artifacts\\09_12_2025_15_55_05\\data_ingestion\\ingested\\train.csv', test_file_path='Artifacts\\09_12_2025_15_55_05\\data_ingestion\\ingested\\test.csv')
[ 2025-09-12 16:08:16,651 ] 55 root - INFO - Initiate the data Validation
[ 2025-09-12 16:08:16,681 ] 32 root - INFO - Required number of columns:2
[ 2025-09-12 16:08:16,681 ] 33 root - INFO - Data frame has columns:31
[ 2025-09-12 16:08:16,681 ] 32 root - INFO - Required number of columns:2
[ 2025-09-12 16:08:16,681 ] 33 root - INFO - Data frame has columns:31
[ 2025-09-12 16:08:16,898 ] 63 root - INFO - Entered initiate_data_transformation method of DataTransformation class
[ 2025-09-12 16:08:16,898 ] 65 root - INFO - Starting data transformation
[ 2025-09-12 16:08:16,917 ] 48 root - INFO - Entered get_data_trnasformer_object method of Trnasformation class
[ 2025-09-12 16:08:16,917 ] 53 root - INFO - Initialise KNNImputer with {'missing_values': nan, 'n_neighbors': 3, 'weights': 'uniform'}
[ 2025-09-12 16:08:16,947 ] 46 root - INFO - Entered the save_object method of MainUtils class
[ 2025-09-12 16:08:16,947 ] 50 root - INFO - Exited the save_object method of MainUtils class
[ 2025-09-12 16:08:16,947 ] 46 root - INFO - Entered the save_object method of MainUtils class
[ 2025-09-12 16:08:16,947 ] 50 root - INFO - Exited the save_object method of MainUtils class
[ 2025-09-12 16:14:33,224 ] 46 root - INFO - Entered the save_object method of MainUtils class
[ 2025-09-12 16:14:33,225 ] 50 root - INFO - Exited the save_object method of MainUtils class
[ 2025-09-12 16:14:33,226 ] 46 root - INFO - Entered the save_object method of MainUtils class
[ 2025-09-12 16:14:33,301 ] 50 root - INFO - Exited the save_object method of MainUtils class
[ 2025-09-12 16:14:33,301 ] 151 root - INFO - Model trainer artifact: ModelTrainerArtifact(trained_model_file_path='Artifacts\\09_12_2025_15_55_05\\model_trainer\\trained_model\\model.pkl', train_metric_artifact=ClassificationMetricArtifact(f1_score=0.9921084581141238, precision_score=0.9899051080153443, recall_score=0.9943216386128574), test_metric_artifact=ClassificationMetricArtifact(f1_score=0.9665457476823861, precision_score=0.9553784860557769, recall_score=0.9779771615008157))
