[ 2025-08-26 18:21:41,018 ] 1025 httpx - INFO - HTTP Request: GET https://dagshub.com/api/v1/user "HTTP/1.1 200 OK"
[ 2025-08-26 18:21:41,028 ] 107 dagshub - INFO - Accessing as mrnipunkakkar
[ 2025-08-26 18:21:41,827 ] 1025 httpx - INFO - HTTP Request: GET https://dagshub.com/api/v1/repos/mrnipunkakkar/networksecurity "HTTP/1.1 200 OK"
[ 2025-08-26 18:21:42,640 ] 1025 httpx - INFO - HTTP Request: GET https://dagshub.com/api/v1/user "HTTP/1.1 200 OK"
[ 2025-08-26 18:21:42,644 ] 107 dagshub - INFO - Initialized MLflow to track repo "mrnipunkakkar/networksecurity"
[ 2025-08-26 18:21:42,644 ] 107 dagshub - INFO - Repository mrnipunkakkar/networksecurity initialized!
[ 2025-08-26 18:21:42,664 ] 20 root - INFO - Initiate the data ingestion
[ 2025-08-26 18:21:51,628 ] 65 root - INFO - Performed train test split on the dataframe
[ 2025-08-26 18:21:51,628 ] 67 root - INFO - Exited split_data_as_train_test method of Data_Ingestion class
[ 2025-08-26 18:21:51,628 ] 75 root - INFO - Exporting train and test file path.
[ 2025-08-26 18:21:51,704 ] 84 root - INFO - Exported train and test file path.
[ 2025-08-26 18:21:51,704 ] 22 root - INFO - Data Initiation Completed
[ 2025-08-26 18:21:51,718 ] 27 root - INFO - Initiate the data Validation
[ 2025-08-26 18:21:51,771 ] 32 root - INFO - Required number of columns:2
[ 2025-08-26 18:21:51,771 ] 33 root - INFO - Data frame has columns:31
[ 2025-08-26 18:21:51,771 ] 32 root - INFO - Required number of columns:2
[ 2025-08-26 18:21:51,771 ] 33 root - INFO - Data frame has columns:31
[ 2025-08-26 18:21:51,993 ] 29 root - INFO - data Validation Completed
[ 2025-08-26 18:21:51,993 ] 33 root - INFO - data Transformation started
[ 2025-08-26 18:21:51,993 ] 63 root - INFO - Entered initiate_data_transformation method of DataTransformation class
[ 2025-08-26 18:21:51,993 ] 65 root - INFO - Starting data transformation
[ 2025-08-26 18:21:52,046 ] 48 root - INFO - Entered get_data_trnasformer_object method of Trnasformation class
[ 2025-08-26 18:21:52,046 ] 53 root - INFO - Initialise KNNImputer with {'missing_values': nan, 'n_neighbors': 3, 'weights': 'uniform'}
[ 2025-08-26 18:21:52,081 ] 46 root - INFO - Entered the save_object method of MainUtils class
[ 2025-08-26 18:21:52,090 ] 50 root - INFO - Exited the save_object method of MainUtils class
[ 2025-08-26 18:21:52,090 ] 46 root - INFO - Entered the save_object method of MainUtils class
[ 2025-08-26 18:21:52,096 ] 50 root - INFO - Exited the save_object method of MainUtils class
[ 2025-08-26 18:21:52,097 ] 37 root - INFO - data Transformation completed
[ 2025-08-26 18:21:52,097 ] 39 root - INFO - Model Training sstared
[ 2025-08-26 18:46:13,532 ] 868 urllib3.connectionpool - WARNING - Retrying (Retry(total=6, connect=7, read=6, redirect=7, status=7)) after connection broken by 'RemoteDisconnected('Remote end closed connection without response')': /mrnipunkakkar/networksecurity.mlflow/api/2.0/mlflow/runs/update
[ 2025-08-26 18:46:18,393 ] 868 urllib3.connectionpool - WARNING - Retrying (Retry(total=5, connect=6, read=6, redirect=7, status=7)) after connection broken by 'NameResolutionError("<urllib3.connection.HTTPSConnection object at 0x000002AA3045CC70>: Failed to resolve 'dagshub.com' ([Errno 11001] getaddrinfo failed)")': /mrnipunkakkar/networksecurity.mlflow/api/2.0/mlflow/runs/update
