[ 2025-08-26 23:47:26,563 ] 1025 httpx - INFO - HTTP Request: GET https://dagshub.com/api/v1/user "HTTP/1.1 200 OK"
[ 2025-08-26 23:47:26,563 ] 107 dagshub - INFO - Accessing as mrnipunkakkar
[ 2025-08-26 23:47:27,231 ] 1025 httpx - INFO - HTTP Request: GET https://dagshub.com/api/v1/repos/mrnipunkakkar/networksecurity "HTTP/1.1 200 OK"
[ 2025-08-26 23:47:27,842 ] 1025 httpx - INFO - HTTP Request: GET https://dagshub.com/api/v1/user "HTTP/1.1 200 OK"
[ 2025-08-26 23:47:27,851 ] 107 dagshub - INFO - Initialized MLflow to track repo "mrnipunkakkar/networksecurity"
[ 2025-08-26 23:47:27,852 ] 107 dagshub - INFO - Repository mrnipunkakkar/networksecurity initialized!
[ 2025-08-26 23:47:57,659 ] 42 root - INFO - Start data Ingestion
[ 2025-08-26 23:48:12,113 ] 65 root - INFO - Performed train test split on the dataframe
[ 2025-08-26 23:48:12,113 ] 67 root - INFO - Exited split_data_as_train_test method of Data_Ingestion class
[ 2025-08-26 23:48:12,114 ] 75 root - INFO - Exporting train and test file path.
[ 2025-08-26 23:48:12,164 ] 84 root - INFO - Exported train and test file path.
[ 2025-08-26 23:48:12,164 ] 45 root - INFO - Data Ingestion completed and artifact: DataIngestionArtifact(trained_file_path='Artifacts\\08_26_2025_23_47_17\\data_ingestion\\ingested\\train.csv', test_file_path='Artifacts\\08_26_2025_23_47_17\\data_ingestion\\ingested\\test.csv')
[ 2025-08-26 23:48:12,172 ] 55 root - INFO - Initiate the data Validation
[ 2025-08-26 23:48:12,190 ] 32 root - INFO - Required number of columns:2
[ 2025-08-26 23:48:12,190 ] 33 root - INFO - Data frame has columns:31
[ 2025-08-26 23:48:12,190 ] 32 root - INFO - Required number of columns:2
[ 2025-08-26 23:48:12,190 ] 33 root - INFO - Data frame has columns:31
[ 2025-08-26 23:48:12,332 ] 63 root - INFO - Entered initiate_data_transformation method of DataTransformation class
[ 2025-08-26 23:48:12,332 ] 65 root - INFO - Starting data transformation
[ 2025-08-26 23:48:12,356 ] 48 root - INFO - Entered get_data_trnasformer_object method of Trnasformation class
[ 2025-08-26 23:48:12,356 ] 53 root - INFO - Initialise KNNImputer with {'missing_values': nan, 'n_neighbors': 3, 'weights': 'uniform'}
[ 2025-08-26 23:48:12,369 ] 46 root - INFO - Entered the save_object method of MainUtils class
[ 2025-08-26 23:48:12,372 ] 50 root - INFO - Exited the save_object method of MainUtils class
[ 2025-08-26 23:48:12,372 ] 46 root - INFO - Entered the save_object method of MainUtils class
[ 2025-08-26 23:48:12,373 ] 50 root - INFO - Exited the save_object method of MainUtils class
[ 2025-08-26 23:54:26,356 ] 46 root - INFO - Entered the save_object method of MainUtils class
[ 2025-08-26 23:54:26,357 ] 50 root - INFO - Exited the save_object method of MainUtils class
[ 2025-08-26 23:54:26,358 ] 46 root - INFO - Entered the save_object method of MainUtils class
[ 2025-08-26 23:54:26,392 ] 50 root - INFO - Exited the save_object method of MainUtils class
[ 2025-08-26 23:54:26,392 ] 151 root - INFO - Model trainer artifact: ModelTrainerArtifact(trained_model_file_path='Artifacts\\08_26_2025_23_47_17\\model_trainer\\trained_model\\model.pkl', train_metric_artifact=ClassificationMetricArtifact(f1_score=0.9911684092985483, precision_score=0.9896614636124063, recall_score=0.9926799511996747), test_metric_artifact=ClassificationMetricArtifact(f1_score=0.9811472121941436, precision_score=0.9752791068580542, recall_score=0.9870863599677159))
